2019-04-27 06:08:30 [36m[INFO][0m main.go func1:186 scanning with wlan0 
2019-04-27 06:08:30 [36m[INFO][0m main.go func1:189 scanning bluetooth 
2019-04-27 06:08:30 [36m[INFO][0m main.go func1:195 working in passive mode 
2019-04-27 06:08:41 [36m[INFO][0m reverse.go ReverseScan:23 collected 51 packets 
2019-04-27 06:08:41 [33m[WARN][0m main.go func1:200 Post https://crowdsourcedcity-api.herokuapp.com/passive: dial tcp: lookup crowdsourcedcity-api.herokuapp.com on [::1]:53: read udp [::1]:58217->[::1]:53: read: connection refused 
2019-04-27 06:08:41 [36m[INFO][0m main.go func1:186 scanning with wlan0 
2019-04-27 06:08:41 [36m[INFO][0m main.go func1:189 scanning bluetooth 
2019-04-27 06:08:41 [36m[INFO][0m main.go func1:195 working in passive mode 
2019-04-27 06:09:36 [36m[INFO][0m main.go func1:186 scanning with wlan0 
2019-04-27 06:09:36 [36m[INFO][0m main.go func1:189 scanning bluetooth 
2019-04-27 06:09:36 [36m[INFO][0m main.go func1:195 working in passive mode 
2019-04-27 06:09:46 [36m[INFO][0m reverse.go ReverseScan:23 collected 48 packets 
2019-04-27 06:09:47 [33m[WARN][0m main.go func1:200 Post https://crowdsourcedcity-api.herokuapp.com/passive: dial tcp: lookup crowdsourcedcity-api.herokuapp.com on [::1]:53: read udp [::1]:40472->[::1]:53: read: connection refused 
2019-04-27 06:09:47 [36m[INFO][0m main.go func1:186 scanning with wlan0 
2019-04-27 06:09:47 [36m[INFO][0m main.go func1:189 scanning bluetooth 
2019-04-27 06:09:47 [36m[INFO][0m main.go func1:195 working in passive mode 
2019-04-27 06:09:57 [36m[INFO][0m reverse.go ReverseScan:23 collected 49 packets 
2019-04-27 06:09:57 [33m[WARN][0m main.go func1:200 Post https://crowdsourcedcity-api.herokuapp.com/passive: dial tcp: lookup crowdsourcedcity-api.herokuapp.com on [::1]:53: read udp [::1]:55536->[::1]:53: read: connection refused 
2019-04-27 06:09:57 [36m[INFO][0m main.go func1:186 scanning with wlan0 
2019-04-27 06:09:57 [36m[INFO][0m main.go func1:189 scanning bluetooth 
2019-04-27 06:09:57 [36m[INFO][0m main.go func1:195 working in passive mode 
2019-04-27 06:10:07 [36m[INFO][0m reverse.go ReverseScan:23 collected 47 packets 
2019-04-27 06:10:07 [33m[WARN][0m main.go func1:200 Post https://crowdsourcedcity-api.herokuapp.com/passive: dial tcp: lookup crowdsourcedcity-api.herokuapp.com on [::1]:53: read udp [::1]:46235->[::1]:53: read: connection refused 
2019-04-27 06:10:07 [36m[INFO][0m main.go func1:186 scanning with wlan0 
2019-04-27 06:10:07 [36m[INFO][0m main.go func1:189 scanning bluetooth 
2019-04-27 06:10:07 [36m[INFO][0m main.go func1:195 working in passive mode 
2019-04-27 06:10:17 [36m[INFO][0m reverse.go ReverseScan:23 collected 49 packets 
2019-04-27 06:10:17 [33m[WARN][0m main.go func1:200 Post https://crowdsourcedcity-api.herokuapp.com/passive: dial tcp: lookup crowdsourcedcity-api.herokuapp.com on [::1]:53: read udp [::1]:48394->[::1]:53: read: connection refused 
2019-04-27 06:10:17 [36m[INFO][0m main.go func1:186 scanning with wlan0 
2019-04-27 06:10:17 [36m[INFO][0m main.go func1:189 scanning bluetooth 
2019-04-27 06:10:17 [36m[INFO][0m main.go func1:195 working in passive mode 
2019-04-27 06:10:28 [36m[INFO][0m reverse.go ReverseScan:23 collected 49 packets 
2019-04-27 06:10:28 [33m[WARN][0m main.go func1:200 Post https://crowdsourcedcity-api.herokuapp.com/passive: dial tcp: lookup crowdsourcedcity-api.herokuapp.com on [::1]:53: read udp [::1]:33851->[::1]:53: read: connection refused 
2019-04-27 06:10:28 [36m[INFO][0m main.go func1:186 scanning with wlan0 
2019-04-27 06:10:28 [36m[INFO][0m main.go func1:189 scanning bluetooth 
2019-04-27 06:10:28 [36m[INFO][0m main.go func1:195 working in passive mode 
2019-04-27 06:10:38 [36m[INFO][0m reverse.go ReverseScan:23 collected 49 packets 
2019-04-27 06:10:38 [33m[WARN][0m main.go func1:200 Post https://crowdsourcedcity-api.herokuapp.com/passive: dial tcp: lookup crowdsourcedcity-api.herokuapp.com on [::1]:53: read udp [::1]:43178->[::1]:53: read: connection refused 
2019-04-27 06:10:38 [36m[INFO][0m main.go func1:186 scanning with wlan0 
2019-04-27 06:10:38 [36m[INFO][0m main.go func1:189 scanning bluetooth 
2019-04-27 06:10:38 [36m[INFO][0m main.go func1:195 working in passive mode 
2019-04-27 06:10:49 [36m[INFO][0m reverse.go ReverseScan:23 collected 48 packets 
2019-04-27 06:10:49 [33m[WARN][0m main.go func1:200 Post https://crowdsourcedcity-api.herokuapp.com/passive: dial tcp: lookup crowdsourcedcity-api.herokuapp.com on [::1]:53: read udp [::1]:51677->[::1]:53: read: connection refused 
2019-04-27 06:10:49 [36m[INFO][0m main.go func1:186 scanning with wlan0 
2019-04-27 06:10:49 [36m[INFO][0m main.go func1:189 scanning bluetooth 
2019-04-27 06:10:49 [36m[INFO][0m main.go func1:195 working in passive mode 
2019-04-27 06:10:59 [36m[INFO][0m reverse.go ReverseScan:23 collected 48 packets 
2019-04-27 06:10:59 [33m[WARN][0m main.go func1:200 Post https://crowdsourcedcity-api.herokuapp.com/passive: dial tcp: lookup crowdsourcedcity-api.herokuapp.com on [::1]:53: read udp [::1]:55908->[::1]:53: read: connection refused 
2019-04-27 06:10:59 [36m[INFO][0m main.go func1:186 scanning with wlan0 
2019-04-27 06:10:59 [36m[INFO][0m main.go func1:189 scanning bluetooth 
2019-04-27 06:10:59 [36m[INFO][0m main.go func1:195 working in passive mode 
2019-04-27 06:11:09 [36m[INFO][0m reverse.go ReverseScan:23 collected 53 packets 
2019-04-27 06:11:09 [33m[WARN][0m main.go func1:200 Post https://crowdsourcedcity-api.herokuapp.com/passive: dial tcp: lookup crowdsourcedcity-api.herokuapp.com on [::1]:53: read udp [::1]:52886->[::1]:53: read: connection refused 
2019-04-27 06:11:09 [36m[INFO][0m main.go func1:186 scanning with wlan0 
2019-04-27 06:11:09 [36m[INFO][0m main.go func1:189 scanning bluetooth 
2019-04-27 06:11:09 [36m[INFO][0m main.go func1:195 working in passive mode 
2019-04-27 06:11:20 [36m[INFO][0m reverse.go ReverseScan:23 collected 53 packets 
2019-04-27 06:11:20 [33m[WARN][0m main.go func1:200 Post https://crowdsourcedcity-api.herokuapp.com/passive: dial tcp: lookup crowdsourcedcity-api.herokuapp.com on [::1]:53: read udp [::1]:50799->[::1]:53: read: connection refused 
2019-04-27 06:11:20 [36m[INFO][0m main.go func1:186 scanning with wlan0 
2019-04-27 06:11:20 [36m[INFO][0m main.go func1:189 scanning bluetooth 
2019-04-27 06:11:20 [36m[INFO][0m main.go func1:195 working in passive mode 
2019-04-27 06:11:30 [36m[INFO][0m reverse.go ReverseScan:23 collected 59 packets 
2019-04-27 06:11:30 [33m[WARN][0m main.go func1:200 Post https://crowdsourcedcity-api.herokuapp.com/passive: dial tcp: lookup crowdsourcedcity-api.herokuapp.com on [::1]:53: read udp [::1]:45334->[::1]:53: read: connection refused 
2019-04-27 06:11:30 [36m[INFO][0m main.go func1:186 scanning with wlan0 
2019-04-27 06:11:30 [36m[INFO][0m main.go func1:189 scanning bluetooth 
2019-04-27 06:11:30 [36m[INFO][0m main.go func1:195 working in passive mode 
2019-04-27 06:11:40 [36m[INFO][0m reverse.go ReverseScan:23 collected 50 packets 
2019-04-27 06:11:40 [33m[WARN][0m main.go func1:200 Post https://crowdsourcedcity-api.herokuapp.com/passive: dial tcp: lookup crowdsourcedcity-api.herokuapp.com on [::1]:53: read udp [::1]:51676->[::1]:53: read: connection refused 
2019-04-27 06:11:40 [36m[INFO][0m main.go func1:186 scanning with wlan0 
2019-04-27 06:11:40 [36m[INFO][0m main.go func1:189 scanning bluetooth 
2019-04-27 06:11:40 [36m[INFO][0m main.go func1:195 working in passive mode 
2019-04-27 06:11:54 [36m[INFO][0m main.go func1:186 scanning with wlan0 
2019-04-27 06:11:54 [36m[INFO][0m main.go func1:189 scanning bluetooth 
2019-04-27 06:11:54 [36m[INFO][0m main.go func1:195 working in passive mode 
2019-04-27 06:12:04 [36m[INFO][0m reverse.go ReverseScan:23 collected 48 packets 
2019-04-27 06:12:04 [33m[WARN][0m main.go func1:200 Post https://crowdsourcedcity-api.herokuapp.com/passive: dial tcp: lookup crowdsourcedcity-api.herokuapp.com on [::1]:53: read udp [::1]:41915->[::1]:53: read: connection refused 
2019-04-27 06:12:04 [36m[INFO][0m main.go func1:186 scanning with wlan0 
2019-04-27 06:12:04 [36m[INFO][0m main.go func1:189 scanning bluetooth 
2019-04-27 06:12:04 [36m[INFO][0m main.go func1:195 working in passive mode 
2019-04-27 06:12:15 [36m[INFO][0m reverse.go ReverseScan:23 collected 48 packets 
2019-04-27 06:12:15 [33m[WARN][0m main.go func1:200 Post https://crowdsourcedcity-api.herokuapp.com/passive: dial tcp: lookup crowdsourcedcity-api.herokuapp.com on [::1]:53: read udp [::1]:35509->[::1]:53: read: connection refused 
2019-04-27 06:12:15 [36m[INFO][0m main.go func1:186 scanning with wlan0 
2019-04-27 06:12:15 [36m[INFO][0m main.go func1:189 scanning bluetooth 
2019-04-27 06:12:15 [36m[INFO][0m main.go func1:195 working in passive mode 
2019-04-27 06:12:25 [36m[INFO][0m reverse.go ReverseScan:23 collected 50 packets 
2019-04-27 06:12:25 [33m[WARN][0m main.go func1:200 Post https://crowdsourcedcity-api.herokuapp.com/passive: dial tcp: lookup crowdsourcedcity-api.herokuapp.com on [::1]:53: read udp [::1]:35784->[::1]:53: read: connection refused 
2019-04-27 06:12:25 [36m[INFO][0m main.go func1:186 scanning with wlan0 
2019-04-27 06:12:25 [36m[INFO][0m main.go func1:189 scanning bluetooth 
2019-04-27 06:12:25 [36m[INFO][0m main.go func1:195 working in passive mode 
2019-04-27 06:12:35 [36m[INFO][0m reverse.go ReverseScan:23 collected 50 packets 
2019-04-27 06:12:35 [33m[WARN][0m main.go func1:200 Post https://crowdsourcedcity-api.herokuapp.com/passive: dial tcp: lookup crowdsourcedcity-api.herokuapp.com on [::1]:53: read udp [::1]:39618->[::1]:53: read: connection refused 
2019-04-27 06:12:35 [36m[INFO][0m main.go func1:186 scanning with wlan0 
2019-04-27 06:12:35 [36m[INFO][0m main.go func1:189 scanning bluetooth 
2019-04-27 06:12:35 [36m[INFO][0m main.go func1:195 working in passive mode 
2019-04-27 06:12:45 [36m[INFO][0m reverse.go ReverseScan:23 collected 47 packets 
2019-04-27 06:12:46 [33m[WARN][0m main.go func1:200 Post https://crowdsourcedcity-api.herokuapp.com/passive: dial tcp: lookup crowdsourcedcity-api.herokuapp.com on [::1]:53: read udp [::1]:39344->[::1]:53: read: connection refused 
2019-04-27 06:12:46 [36m[INFO][0m main.go func1:186 scanning with wlan0 
2019-04-27 06:12:46 [36m[INFO][0m main.go func1:189 scanning bluetooth 
2019-04-27 06:12:46 [36m[INFO][0m main.go func1:195 working in passive mode 
2019-04-27 06:12:56 [36m[INFO][0m reverse.go ReverseScan:23 collected 48 packets 
2019-04-27 06:12:56 [33m[WARN][0m main.go func1:200 Post https://crowdsourcedcity-api.herokuapp.com/passive: dial tcp: lookup crowdsourcedcity-api.herokuapp.com on [::1]:53: read udp [::1]:40059->[::1]:53: read: connection refused 
2019-04-27 06:12:56 [36m[INFO][0m main.go func1:186 scanning with wlan0 
2019-04-27 06:12:56 [36m[INFO][0m main.go func1:189 scanning bluetooth 
2019-04-27 06:12:56 [36m[INFO][0m main.go func1:195 working in passive mode 
2019-04-27 06:13:06 [36m[INFO][0m reverse.go ReverseScan:23 collected 51 packets 
2019-04-27 06:13:06 [33m[WARN][0m main.go func1:200 Post https://crowdsourcedcity-api.herokuapp.com/passive: dial tcp: lookup crowdsourcedcity-api.herokuapp.com on [::1]:53: read udp [::1]:43005->[::1]:53: read: connection refused 
2019-04-27 06:13:06 [36m[INFO][0m main.go func1:186 scanning with wlan0 
2019-04-27 06:13:06 [36m[INFO][0m main.go func1:189 scanning bluetooth 
2019-04-27 06:13:06 [36m[INFO][0m main.go func1:195 working in passive mode 
2019-04-27 06:13:16 [36m[INFO][0m reverse.go ReverseScan:23 collected 52 packets 
2019-04-27 06:13:17 [33m[WARN][0m main.go func1:200 Post https://crowdsourcedcity-api.herokuapp.com/passive: dial tcp: lookup crowdsourcedcity-api.herokuapp.com on [::1]:53: read udp [::1]:40405->[::1]:53: read: connection refused 
2019-04-27 06:13:17 [36m[INFO][0m main.go func1:186 scanning with wlan0 
2019-04-27 06:13:17 [36m[INFO][0m main.go func1:189 scanning bluetooth 
2019-04-27 06:13:17 [36m[INFO][0m main.go func1:195 working in passive mode 
2019-04-27 06:13:27 [36m[INFO][0m reverse.go ReverseScan:23 collected 48 packets 
2019-04-27 06:13:27 [33m[WARN][0m main.go func1:200 Post https://crowdsourcedcity-api.herokuapp.com/passive: dial tcp: lookup crowdsourcedcity-api.herokuapp.com on [::1]:53: read udp [::1]:42255->[::1]:53: read: connection refused 
2019-04-27 06:13:27 [36m[INFO][0m main.go func1:186 scanning with wlan0 
2019-04-27 06:13:27 [36m[INFO][0m main.go func1:189 scanning bluetooth 
2019-04-27 06:13:27 [36m[INFO][0m main.go func1:195 working in passive mode 
2019-04-27 06:13:37 [36m[INFO][0m reverse.go ReverseScan:23 collected 49 packets 
2019-04-27 06:13:37 [33m[WARN][0m main.go func1:200 Post https://crowdsourcedcity-api.herokuapp.com/passive: dial tcp: lookup crowdsourcedcity-api.herokuapp.com on [::1]:53: read udp [::1]:45902->[::1]:53: read: connection refused 
2019-04-27 06:13:37 [36m[INFO][0m main.go func1:186 scanning with wlan0 
2019-04-27 06:13:37 [36m[INFO][0m main.go func1:189 scanning bluetooth 
2019-04-27 06:13:37 [36m[INFO][0m main.go func1:195 working in passive mode 
